Determining if the pthread_create exist failed with the following output:
Change Dir: /home/thomas/catkin_ws/build_cmi/turtlebot3_navigation/CMakeFiles/CMakeTmp

Run Build Command:"/usr/bin/make" "cmTC_12fe1/fast"
/usr/bin/make -f CMakeFiles/cmTC_12fe1.dir/build.make CMakeFiles/cmTC_12fe1.dir/build
make[1]: Entering directory '/home/thomas/catkin_ws/build_cmi/turtlebot3_navigation/CMakeFiles/CMakeTmp'
Building C object CMakeFiles/cmTC_12fe1.dir/CheckSymbolExists.c.o
/usr/bin/cc     -o CMakeFiles/cmTC_12fe1.dir/CheckSymbolExists.c.o   -c /home/thomas/catkin_ws/build_cmi/turtlebot3_navigation/CMakeFiles/CMakeTmp/CheckSymbolExists.c
Linking C executable cmTC_12fe1
/usr/bin/cmake -E cmake_link_script CMakeFiles/cmTC_12fe1.dir/link.txt --verbose=1
/usr/bin/cc       CMakeFiles/cmTC_12fe1.dir/CheckSymbolExists.c.o  -o cmTC_12fe1 -rdynamic 
CMakeFiles/cmTC_12fe1.dir/CheckSymbolExists.c.o: In function `main':
CheckSymbolExists.c:(.text+0x16): undefined reference to `pthread_create'
collect2: error: ld returned 1 exit status
CMakeFiles/cmTC_12fe1.dir/build.make:97: recipe for target 'cmTC_12fe1' failed
make[1]: *** [cmTC_12fe1] Error 1
make[1]: Leaving directory '/home/thomas/catkin_ws/build_cmi/turtlebot3_navigation/CMakeFiles/CMakeTmp'
Makefile:126: recipe for target 'cmTC_12fe1/fast' failed
make: *** [cmTC_12fe1/fast] Error 2

File /home/thomas/catkin_ws/build_cmi/turtlebot3_navigation/CMakeFiles/CMakeTmp/CheckSymbolExists.c:
/* */
#include <pthread.h>

int main(int argc, char** argv)
{
  (void)argv;
#ifndef pthread_create
  return ((int*)(&pthread_create))[argc];
#else
  (void)argc;
  return 0;
#endif
}

Determining if the function pthread_create exists in the pthreads failed with the following output:
Change Dir: /home/thomas/catkin_ws/build_cmi/turtlebot3_navigation/CMakeFiles/CMakeTmp

Run Build Command:"/usr/bin/make" "cmTC_2c72d/fast"
/usr/bin/make -f CMakeFiles/cmTC_2c72d.dir/build.make CMakeFiles/cmTC_2c72d.dir/build
make[1]: Entering directory '/home/thomas/catkin_ws/build_cmi/turtlebot3_navigation/CMakeFiles/CMakeTmp'
Building C object CMakeFiles/cmTC_2c72d.dir/CheckFunctionExists.c.o
/usr/bin/cc    -DCHECK_FUNCTION_EXISTS=pthread_create   -o CMakeFiles/cmTC_2c72d.dir/CheckFunctionExists.c.o   -c /usr/share/cmake-3.5/Modules/CheckFunctionExists.c
Linking C executable cmTC_2c72d
/usr/bin/cmake -E cmake_link_script CMakeFiles/cmTC_2c72d.dir/link.txt --verbose=1
/usr/bin/cc   -DCHECK_FUNCTION_EXISTS=pthread_create    CMakeFiles/cmTC_2c72d.dir/CheckFunctionExists.c.o  -o cmTC_2c72d -rdynamic -lpthreads 
/usr/bin/ld: cannot find -lpthreads
collect2: error: ld returned 1 exit status
CMakeFiles/cmTC_2c72d.dir/build.make:97: recipe for target 'cmTC_2c72d' failed
make[1]: *** [cmTC_2c72d] Error 1
make[1]: Leaving directory '/home/thomas/catkin_ws/build_cmi/turtlebot3_navigation/CMakeFiles/CMakeTmp'
Makefile:126: recipe for target 'cmTC_2c72d/fast' failed
make: *** [cmTC_2c72d/fast] Error 2


