Determining if the pthread_create exist failed with the following output:
Change Dir: /home/thomas/catkin_ws/build_cmi/turtlebot3/CMakeFiles/CMakeTmp

Run Build Command:"/usr/bin/make" "cmTC_0c76a/fast"
/usr/bin/make -f CMakeFiles/cmTC_0c76a.dir/build.make CMakeFiles/cmTC_0c76a.dir/build
make[1]: Entering directory '/home/thomas/catkin_ws/build_cmi/turtlebot3/CMakeFiles/CMakeTmp'
Building C object CMakeFiles/cmTC_0c76a.dir/CheckSymbolExists.c.o
/usr/bin/cc     -o CMakeFiles/cmTC_0c76a.dir/CheckSymbolExists.c.o   -c /home/thomas/catkin_ws/build_cmi/turtlebot3/CMakeFiles/CMakeTmp/CheckSymbolExists.c
Linking C executable cmTC_0c76a
/usr/bin/cmake -E cmake_link_script CMakeFiles/cmTC_0c76a.dir/link.txt --verbose=1
/usr/bin/cc       CMakeFiles/cmTC_0c76a.dir/CheckSymbolExists.c.o  -o cmTC_0c76a -rdynamic 
CMakeFiles/cmTC_0c76a.dir/CheckSymbolExists.c.o: In function `main':
CheckSymbolExists.c:(.text+0x16): undefined reference to `pthread_create'
collect2: error: ld returned 1 exit status
CMakeFiles/cmTC_0c76a.dir/build.make:97: recipe for target 'cmTC_0c76a' failed
make[1]: *** [cmTC_0c76a] Error 1
make[1]: Leaving directory '/home/thomas/catkin_ws/build_cmi/turtlebot3/CMakeFiles/CMakeTmp'
Makefile:126: recipe for target 'cmTC_0c76a/fast' failed
make: *** [cmTC_0c76a/fast] Error 2

File /home/thomas/catkin_ws/build_cmi/turtlebot3/CMakeFiles/CMakeTmp/CheckSymbolExists.c:
/* */
#include <pthread.h>

int main(int argc, char** argv)
{
  (void)argv;
#ifndef pthread_create
  return ((int*)(&pthread_create))[argc];
#else
  (void)argc;
  return 0;
#endif
}

Determining if the function pthread_create exists in the pthreads failed with the following output:
Change Dir: /home/thomas/catkin_ws/build_cmi/turtlebot3/CMakeFiles/CMakeTmp

Run Build Command:"/usr/bin/make" "cmTC_84976/fast"
/usr/bin/make -f CMakeFiles/cmTC_84976.dir/build.make CMakeFiles/cmTC_84976.dir/build
make[1]: Entering directory '/home/thomas/catkin_ws/build_cmi/turtlebot3/CMakeFiles/CMakeTmp'
Building C object CMakeFiles/cmTC_84976.dir/CheckFunctionExists.c.o
/usr/bin/cc    -DCHECK_FUNCTION_EXISTS=pthread_create   -o CMakeFiles/cmTC_84976.dir/CheckFunctionExists.c.o   -c /usr/share/cmake-3.5/Modules/CheckFunctionExists.c
Linking C executable cmTC_84976
/usr/bin/cmake -E cmake_link_script CMakeFiles/cmTC_84976.dir/link.txt --verbose=1
/usr/bin/cc   -DCHECK_FUNCTION_EXISTS=pthread_create    CMakeFiles/cmTC_84976.dir/CheckFunctionExists.c.o  -o cmTC_84976 -rdynamic -lpthreads 
/usr/bin/ld: cannot find -lpthreads
collect2: error: ld returned 1 exit status
CMakeFiles/cmTC_84976.dir/build.make:97: recipe for target 'cmTC_84976' failed
make[1]: *** [cmTC_84976] Error 1
make[1]: Leaving directory '/home/thomas/catkin_ws/build_cmi/turtlebot3/CMakeFiles/CMakeTmp'
Makefile:126: recipe for target 'cmTC_84976/fast' failed
make: *** [cmTC_84976/fast] Error 2


