Determining if the pthread_create exist failed with the following output:
Change Dir: /home/thomas/catkin_ws/build_isolated/darknet_ros/CMakeFiles/CMakeTmp

Run Build Command:"/usr/bin/make" "cmTC_d1528/fast"
/usr/bin/make -f CMakeFiles/cmTC_d1528.dir/build.make CMakeFiles/cmTC_d1528.dir/build
make[1]: Entering directory '/home/thomas/catkin_ws/build_isolated/darknet_ros/CMakeFiles/CMakeTmp'
Building C object CMakeFiles/cmTC_d1528.dir/CheckSymbolExists.c.o
/usr/bin/cc    -Wall -Wno-unused-result -Wno-unknown-pragmas -Wno-unused-variable -Wfatal-errors -fPIC     -o CMakeFiles/cmTC_d1528.dir/CheckSymbolExists.c.o   -c /home/thomas/catkin_ws/build_isolated/darknet_ros/CMakeFiles/CMakeTmp/CheckSymbolExists.c
Linking C executable cmTC_d1528
/usr/bin/cmake -E cmake_link_script CMakeFiles/cmTC_d1528.dir/link.txt --verbose=1
/usr/bin/cc  -Wall -Wno-unused-result -Wno-unknown-pragmas -Wno-unused-variable -Wfatal-errors -fPIC      CMakeFiles/cmTC_d1528.dir/CheckSymbolExists.c.o  -o cmTC_d1528 -rdynamic 
CMakeFiles/cmTC_d1528.dir/CheckSymbolExists.c.o: In function `main':
CheckSymbolExists.c:(.text+0x1b): undefined reference to `pthread_create'
collect2: error: ld returned 1 exit status
CMakeFiles/cmTC_d1528.dir/build.make:97: recipe for target 'cmTC_d1528' failed
make[1]: *** [cmTC_d1528] Error 1
make[1]: Leaving directory '/home/thomas/catkin_ws/build_isolated/darknet_ros/CMakeFiles/CMakeTmp'
Makefile:126: recipe for target 'cmTC_d1528/fast' failed
make: *** [cmTC_d1528/fast] Error 2

File /home/thomas/catkin_ws/build_isolated/darknet_ros/CMakeFiles/CMakeTmp/CheckSymbolExists.c:
/* */
#include <pthread.h>

int main(int argc, char** argv)
{
  (void)argv;
#ifndef pthread_create
  return ((int*)(&pthread_create))[argc];
#else
  (void)argc;
  return 0;
#endif
}

Determining if the function pthread_create exists in the pthreads failed with the following output:
Change Dir: /home/thomas/catkin_ws/build_isolated/darknet_ros/CMakeFiles/CMakeTmp

Run Build Command:"/usr/bin/make" "cmTC_d4cce/fast"
/usr/bin/make -f CMakeFiles/cmTC_d4cce.dir/build.make CMakeFiles/cmTC_d4cce.dir/build
make[1]: Entering directory '/home/thomas/catkin_ws/build_isolated/darknet_ros/CMakeFiles/CMakeTmp'
Building C object CMakeFiles/cmTC_d4cce.dir/CheckFunctionExists.c.o
/usr/bin/cc    -Wall -Wno-unused-result -Wno-unknown-pragmas -Wno-unused-variable -Wfatal-errors -fPIC  -DCHECK_FUNCTION_EXISTS=pthread_create   -o CMakeFiles/cmTC_d4cce.dir/CheckFunctionExists.c.o   -c /usr/share/cmake-3.5/Modules/CheckFunctionExists.c
Linking C executable cmTC_d4cce
/usr/bin/cmake -E cmake_link_script CMakeFiles/cmTC_d4cce.dir/link.txt --verbose=1
/usr/bin/cc  -Wall -Wno-unused-result -Wno-unknown-pragmas -Wno-unused-variable -Wfatal-errors -fPIC  -DCHECK_FUNCTION_EXISTS=pthread_create    CMakeFiles/cmTC_d4cce.dir/CheckFunctionExists.c.o  -o cmTC_d4cce -rdynamic -lpthreads 
/usr/bin/ld: cannot find -lpthreads
collect2: error: ld returned 1 exit status
CMakeFiles/cmTC_d4cce.dir/build.make:97: recipe for target 'cmTC_d4cce' failed
make[1]: *** [cmTC_d4cce] Error 1
make[1]: Leaving directory '/home/thomas/catkin_ws/build_isolated/darknet_ros/CMakeFiles/CMakeTmp'
Makefile:126: recipe for target 'cmTC_d4cce/fast' failed
make: *** [cmTC_d4cce/fast] Error 2


