Determining if the pthread_create exist failed with the following output:
Change Dir: /home/thomas/catkin_ws/build_cmi/darknet_ros/CMakeFiles/CMakeTmp

Run Build Command:"/usr/bin/make" "cmTC_0396c/fast"
/usr/bin/make -f CMakeFiles/cmTC_0396c.dir/build.make CMakeFiles/cmTC_0396c.dir/build
make[1]: Entering directory '/home/thomas/catkin_ws/build_cmi/darknet_ros/CMakeFiles/CMakeTmp'
Building C object CMakeFiles/cmTC_0396c.dir/CheckSymbolExists.c.o
/usr/bin/cc    -Wall -Wno-unused-result -Wno-unknown-pragmas -Wno-unused-variable -Wfatal-errors -fPIC     -o CMakeFiles/cmTC_0396c.dir/CheckSymbolExists.c.o   -c /home/thomas/catkin_ws/build_cmi/darknet_ros/CMakeFiles/CMakeTmp/CheckSymbolExists.c
Linking C executable cmTC_0396c
/usr/bin/cmake -E cmake_link_script CMakeFiles/cmTC_0396c.dir/link.txt --verbose=1
/usr/bin/cc  -Wall -Wno-unused-result -Wno-unknown-pragmas -Wno-unused-variable -Wfatal-errors -fPIC      CMakeFiles/cmTC_0396c.dir/CheckSymbolExists.c.o  -o cmTC_0396c -rdynamic 
CMakeFiles/cmTC_0396c.dir/CheckSymbolExists.c.o: In function `main':
CheckSymbolExists.c:(.text+0x1b): undefined reference to `pthread_create'
collect2: error: ld returned 1 exit status
CMakeFiles/cmTC_0396c.dir/build.make:97: recipe for target 'cmTC_0396c' failed
make[1]: *** [cmTC_0396c] Error 1
make[1]: Leaving directory '/home/thomas/catkin_ws/build_cmi/darknet_ros/CMakeFiles/CMakeTmp'
Makefile:126: recipe for target 'cmTC_0396c/fast' failed
make: *** [cmTC_0396c/fast] Error 2

File /home/thomas/catkin_ws/build_cmi/darknet_ros/CMakeFiles/CMakeTmp/CheckSymbolExists.c:
/* */
#include <pthread.h>

int main(int argc, char** argv)
{
  (void)argv;
#ifndef pthread_create
  return ((int*)(&pthread_create))[argc];
#else
  (void)argc;
  return 0;
#endif
}

Determining if the function pthread_create exists in the pthreads failed with the following output:
Change Dir: /home/thomas/catkin_ws/build_cmi/darknet_ros/CMakeFiles/CMakeTmp

Run Build Command:"/usr/bin/make" "cmTC_95d40/fast"
/usr/bin/make -f CMakeFiles/cmTC_95d40.dir/build.make CMakeFiles/cmTC_95d40.dir/build
make[1]: Entering directory '/home/thomas/catkin_ws/build_cmi/darknet_ros/CMakeFiles/CMakeTmp'
Building C object CMakeFiles/cmTC_95d40.dir/CheckFunctionExists.c.o
/usr/bin/cc    -Wall -Wno-unused-result -Wno-unknown-pragmas -Wno-unused-variable -Wfatal-errors -fPIC  -DCHECK_FUNCTION_EXISTS=pthread_create   -o CMakeFiles/cmTC_95d40.dir/CheckFunctionExists.c.o   -c /usr/share/cmake-3.5/Modules/CheckFunctionExists.c
Linking C executable cmTC_95d40
/usr/bin/cmake -E cmake_link_script CMakeFiles/cmTC_95d40.dir/link.txt --verbose=1
/usr/bin/cc  -Wall -Wno-unused-result -Wno-unknown-pragmas -Wno-unused-variable -Wfatal-errors -fPIC  -DCHECK_FUNCTION_EXISTS=pthread_create    CMakeFiles/cmTC_95d40.dir/CheckFunctionExists.c.o  -o cmTC_95d40 -rdynamic -lpthreads 
/usr/bin/ld: cannot find -lpthreads
collect2: error: ld returned 1 exit status
CMakeFiles/cmTC_95d40.dir/build.make:97: recipe for target 'cmTC_95d40' failed
make[1]: *** [cmTC_95d40] Error 1
make[1]: Leaving directory '/home/thomas/catkin_ws/build_cmi/darknet_ros/CMakeFiles/CMakeTmp'
Makefile:126: recipe for target 'cmTC_95d40/fast' failed
make: *** [cmTC_95d40/fast] Error 2


