Determining if the pthread_create exist failed with the following output:
Change Dir: /home/thomas/catkin_ws/build_isolated/turtlebot3/CMakeFiles/CMakeTmp

Run Build Command:"/usr/bin/make" "cmTC_753ae/fast"
/usr/bin/make -f CMakeFiles/cmTC_753ae.dir/build.make CMakeFiles/cmTC_753ae.dir/build
make[1]: Entering directory '/home/thomas/catkin_ws/build_isolated/turtlebot3/CMakeFiles/CMakeTmp'
Building C object CMakeFiles/cmTC_753ae.dir/CheckSymbolExists.c.o
/usr/bin/cc     -o CMakeFiles/cmTC_753ae.dir/CheckSymbolExists.c.o   -c /home/thomas/catkin_ws/build_isolated/turtlebot3/CMakeFiles/CMakeTmp/CheckSymbolExists.c
Linking C executable cmTC_753ae
/usr/bin/cmake -E cmake_link_script CMakeFiles/cmTC_753ae.dir/link.txt --verbose=1
/usr/bin/cc       CMakeFiles/cmTC_753ae.dir/CheckSymbolExists.c.o  -o cmTC_753ae -rdynamic 
CMakeFiles/cmTC_753ae.dir/CheckSymbolExists.c.o: In function `main':
CheckSymbolExists.c:(.text+0x16): undefined reference to `pthread_create'
collect2: error: ld returned 1 exit status
CMakeFiles/cmTC_753ae.dir/build.make:97: recipe for target 'cmTC_753ae' failed
make[1]: *** [cmTC_753ae] Error 1
make[1]: Leaving directory '/home/thomas/catkin_ws/build_isolated/turtlebot3/CMakeFiles/CMakeTmp'
Makefile:126: recipe for target 'cmTC_753ae/fast' failed
make: *** [cmTC_753ae/fast] Error 2

File /home/thomas/catkin_ws/build_isolated/turtlebot3/CMakeFiles/CMakeTmp/CheckSymbolExists.c:
/* */
#include <pthread.h>

int main(int argc, char** argv)
{
  (void)argv;
#ifndef pthread_create
  return ((int*)(&pthread_create))[argc];
#else
  (void)argc;
  return 0;
#endif
}

Determining if the function pthread_create exists in the pthreads failed with the following output:
Change Dir: /home/thomas/catkin_ws/build_isolated/turtlebot3/CMakeFiles/CMakeTmp

Run Build Command:"/usr/bin/make" "cmTC_caa02/fast"
/usr/bin/make -f CMakeFiles/cmTC_caa02.dir/build.make CMakeFiles/cmTC_caa02.dir/build
make[1]: Entering directory '/home/thomas/catkin_ws/build_isolated/turtlebot3/CMakeFiles/CMakeTmp'
Building C object CMakeFiles/cmTC_caa02.dir/CheckFunctionExists.c.o
/usr/bin/cc    -DCHECK_FUNCTION_EXISTS=pthread_create   -o CMakeFiles/cmTC_caa02.dir/CheckFunctionExists.c.o   -c /usr/share/cmake-3.5/Modules/CheckFunctionExists.c
Linking C executable cmTC_caa02
/usr/bin/cmake -E cmake_link_script CMakeFiles/cmTC_caa02.dir/link.txt --verbose=1
/usr/bin/cc   -DCHECK_FUNCTION_EXISTS=pthread_create    CMakeFiles/cmTC_caa02.dir/CheckFunctionExists.c.o  -o cmTC_caa02 -rdynamic -lpthreads 
/usr/bin/ld: cannot find -lpthreads
collect2: error: ld returned 1 exit status
CMakeFiles/cmTC_caa02.dir/build.make:97: recipe for target 'cmTC_caa02' failed
make[1]: *** [cmTC_caa02] Error 1
make[1]: Leaving directory '/home/thomas/catkin_ws/build_isolated/turtlebot3/CMakeFiles/CMakeTmp'
Makefile:126: recipe for target 'cmTC_caa02/fast' failed
make: *** [cmTC_caa02/fast] Error 2


