Determining if the pthread_create exist failed with the following output:
Change Dir: /home/thomas/catkin_ws/build_cmi/darknet_ros_msgs/CMakeFiles/CMakeTmp

Run Build Command:"/usr/bin/make" "cmTC_3d555/fast"
/usr/bin/make -f CMakeFiles/cmTC_3d555.dir/build.make CMakeFiles/cmTC_3d555.dir/build
make[1]: Entering directory '/home/thomas/catkin_ws/build_cmi/darknet_ros_msgs/CMakeFiles/CMakeTmp'
Building C object CMakeFiles/cmTC_3d555.dir/CheckSymbolExists.c.o
/usr/bin/cc     -o CMakeFiles/cmTC_3d555.dir/CheckSymbolExists.c.o   -c /home/thomas/catkin_ws/build_cmi/darknet_ros_msgs/CMakeFiles/CMakeTmp/CheckSymbolExists.c
Linking C executable cmTC_3d555
/usr/bin/cmake -E cmake_link_script CMakeFiles/cmTC_3d555.dir/link.txt --verbose=1
/usr/bin/cc       CMakeFiles/cmTC_3d555.dir/CheckSymbolExists.c.o  -o cmTC_3d555 -rdynamic 
CMakeFiles/cmTC_3d555.dir/CheckSymbolExists.c.o: In function `main':
CheckSymbolExists.c:(.text+0x16): undefined reference to `pthread_create'
collect2: error: ld returned 1 exit status
CMakeFiles/cmTC_3d555.dir/build.make:97: recipe for target 'cmTC_3d555' failed
make[1]: *** [cmTC_3d555] Error 1
make[1]: Leaving directory '/home/thomas/catkin_ws/build_cmi/darknet_ros_msgs/CMakeFiles/CMakeTmp'
Makefile:126: recipe for target 'cmTC_3d555/fast' failed
make: *** [cmTC_3d555/fast] Error 2

File /home/thomas/catkin_ws/build_cmi/darknet_ros_msgs/CMakeFiles/CMakeTmp/CheckSymbolExists.c:
/* */
#include <pthread.h>

int main(int argc, char** argv)
{
  (void)argv;
#ifndef pthread_create
  return ((int*)(&pthread_create))[argc];
#else
  (void)argc;
  return 0;
#endif
}

Determining if the function pthread_create exists in the pthreads failed with the following output:
Change Dir: /home/thomas/catkin_ws/build_cmi/darknet_ros_msgs/CMakeFiles/CMakeTmp

Run Build Command:"/usr/bin/make" "cmTC_483bc/fast"
/usr/bin/make -f CMakeFiles/cmTC_483bc.dir/build.make CMakeFiles/cmTC_483bc.dir/build
make[1]: Entering directory '/home/thomas/catkin_ws/build_cmi/darknet_ros_msgs/CMakeFiles/CMakeTmp'
Building C object CMakeFiles/cmTC_483bc.dir/CheckFunctionExists.c.o
/usr/bin/cc    -DCHECK_FUNCTION_EXISTS=pthread_create   -o CMakeFiles/cmTC_483bc.dir/CheckFunctionExists.c.o   -c /usr/share/cmake-3.5/Modules/CheckFunctionExists.c
Linking C executable cmTC_483bc
/usr/bin/cmake -E cmake_link_script CMakeFiles/cmTC_483bc.dir/link.txt --verbose=1
/usr/bin/cc   -DCHECK_FUNCTION_EXISTS=pthread_create    CMakeFiles/cmTC_483bc.dir/CheckFunctionExists.c.o  -o cmTC_483bc -rdynamic -lpthreads 
/usr/bin/ld: cannot find -lpthreads
collect2: error: ld returned 1 exit status
CMakeFiles/cmTC_483bc.dir/build.make:97: recipe for target 'cmTC_483bc' failed
make[1]: *** [cmTC_483bc] Error 1
make[1]: Leaving directory '/home/thomas/catkin_ws/build_cmi/darknet_ros_msgs/CMakeFiles/CMakeTmp'
Makefile:126: recipe for target 'cmTC_483bc/fast' failed
make: *** [cmTC_483bc/fast] Error 2


