Determining if the pthread_create exist failed with the following output:
Change Dir: /home/thomas/catkin_ws/build_cmi/turtlebot3_description/CMakeFiles/CMakeTmp

Run Build Command:"/usr/bin/make" "cmTC_d076e/fast"
/usr/bin/make -f CMakeFiles/cmTC_d076e.dir/build.make CMakeFiles/cmTC_d076e.dir/build
make[1]: Entering directory '/home/thomas/catkin_ws/build_cmi/turtlebot3_description/CMakeFiles/CMakeTmp'
Building C object CMakeFiles/cmTC_d076e.dir/CheckSymbolExists.c.o
/usr/bin/cc     -o CMakeFiles/cmTC_d076e.dir/CheckSymbolExists.c.o   -c /home/thomas/catkin_ws/build_cmi/turtlebot3_description/CMakeFiles/CMakeTmp/CheckSymbolExists.c
Linking C executable cmTC_d076e
/usr/bin/cmake -E cmake_link_script CMakeFiles/cmTC_d076e.dir/link.txt --verbose=1
/usr/bin/cc       CMakeFiles/cmTC_d076e.dir/CheckSymbolExists.c.o  -o cmTC_d076e -rdynamic 
CMakeFiles/cmTC_d076e.dir/CheckSymbolExists.c.o: In function `main':
CheckSymbolExists.c:(.text+0x16): undefined reference to `pthread_create'
collect2: error: ld returned 1 exit status
CMakeFiles/cmTC_d076e.dir/build.make:97: recipe for target 'cmTC_d076e' failed
make[1]: *** [cmTC_d076e] Error 1
make[1]: Leaving directory '/home/thomas/catkin_ws/build_cmi/turtlebot3_description/CMakeFiles/CMakeTmp'
Makefile:126: recipe for target 'cmTC_d076e/fast' failed
make: *** [cmTC_d076e/fast] Error 2

File /home/thomas/catkin_ws/build_cmi/turtlebot3_description/CMakeFiles/CMakeTmp/CheckSymbolExists.c:
/* */
#include <pthread.h>

int main(int argc, char** argv)
{
  (void)argv;
#ifndef pthread_create
  return ((int*)(&pthread_create))[argc];
#else
  (void)argc;
  return 0;
#endif
}

Determining if the function pthread_create exists in the pthreads failed with the following output:
Change Dir: /home/thomas/catkin_ws/build_cmi/turtlebot3_description/CMakeFiles/CMakeTmp

Run Build Command:"/usr/bin/make" "cmTC_f216b/fast"
/usr/bin/make -f CMakeFiles/cmTC_f216b.dir/build.make CMakeFiles/cmTC_f216b.dir/build
make[1]: Entering directory '/home/thomas/catkin_ws/build_cmi/turtlebot3_description/CMakeFiles/CMakeTmp'
Building C object CMakeFiles/cmTC_f216b.dir/CheckFunctionExists.c.o
/usr/bin/cc    -DCHECK_FUNCTION_EXISTS=pthread_create   -o CMakeFiles/cmTC_f216b.dir/CheckFunctionExists.c.o   -c /usr/share/cmake-3.5/Modules/CheckFunctionExists.c
Linking C executable cmTC_f216b
/usr/bin/cmake -E cmake_link_script CMakeFiles/cmTC_f216b.dir/link.txt --verbose=1
/usr/bin/cc   -DCHECK_FUNCTION_EXISTS=pthread_create    CMakeFiles/cmTC_f216b.dir/CheckFunctionExists.c.o  -o cmTC_f216b -rdynamic -lpthreads 
/usr/bin/ld: cannot find -lpthreads
collect2: error: ld returned 1 exit status
CMakeFiles/cmTC_f216b.dir/build.make:97: recipe for target 'cmTC_f216b' failed
make[1]: *** [cmTC_f216b] Error 1
make[1]: Leaving directory '/home/thomas/catkin_ws/build_cmi/turtlebot3_description/CMakeFiles/CMakeTmp'
Makefile:126: recipe for target 'cmTC_f216b/fast' failed
make: *** [cmTC_f216b/fast] Error 2


