Determining if the pthread_create exist failed with the following output:
Change Dir: /home/thomas/catkin_ws/build_isolated/turtlebot3_fake/CMakeFiles/CMakeTmp

Run Build Command:"/usr/bin/make" "cmTC_18f5a/fast"
/usr/bin/make -f CMakeFiles/cmTC_18f5a.dir/build.make CMakeFiles/cmTC_18f5a.dir/build
make[1]: Entering directory '/home/thomas/catkin_ws/build_isolated/turtlebot3_fake/CMakeFiles/CMakeTmp'
Building C object CMakeFiles/cmTC_18f5a.dir/CheckSymbolExists.c.o
/usr/bin/cc     -o CMakeFiles/cmTC_18f5a.dir/CheckSymbolExists.c.o   -c /home/thomas/catkin_ws/build_isolated/turtlebot3_fake/CMakeFiles/CMakeTmp/CheckSymbolExists.c
Linking C executable cmTC_18f5a
/usr/bin/cmake -E cmake_link_script CMakeFiles/cmTC_18f5a.dir/link.txt --verbose=1
/usr/bin/cc       CMakeFiles/cmTC_18f5a.dir/CheckSymbolExists.c.o  -o cmTC_18f5a -rdynamic 
CMakeFiles/cmTC_18f5a.dir/CheckSymbolExists.c.o: In function `main':
CheckSymbolExists.c:(.text+0x16): undefined reference to `pthread_create'
collect2: error: ld returned 1 exit status
CMakeFiles/cmTC_18f5a.dir/build.make:97: recipe for target 'cmTC_18f5a' failed
make[1]: *** [cmTC_18f5a] Error 1
make[1]: Leaving directory '/home/thomas/catkin_ws/build_isolated/turtlebot3_fake/CMakeFiles/CMakeTmp'
Makefile:126: recipe for target 'cmTC_18f5a/fast' failed
make: *** [cmTC_18f5a/fast] Error 2

File /home/thomas/catkin_ws/build_isolated/turtlebot3_fake/CMakeFiles/CMakeTmp/CheckSymbolExists.c:
/* */
#include <pthread.h>

int main(int argc, char** argv)
{
  (void)argv;
#ifndef pthread_create
  return ((int*)(&pthread_create))[argc];
#else
  (void)argc;
  return 0;
#endif
}

Determining if the function pthread_create exists in the pthreads failed with the following output:
Change Dir: /home/thomas/catkin_ws/build_isolated/turtlebot3_fake/CMakeFiles/CMakeTmp

Run Build Command:"/usr/bin/make" "cmTC_90eeb/fast"
/usr/bin/make -f CMakeFiles/cmTC_90eeb.dir/build.make CMakeFiles/cmTC_90eeb.dir/build
make[1]: Entering directory '/home/thomas/catkin_ws/build_isolated/turtlebot3_fake/CMakeFiles/CMakeTmp'
Building C object CMakeFiles/cmTC_90eeb.dir/CheckFunctionExists.c.o
/usr/bin/cc    -DCHECK_FUNCTION_EXISTS=pthread_create   -o CMakeFiles/cmTC_90eeb.dir/CheckFunctionExists.c.o   -c /usr/share/cmake-3.5/Modules/CheckFunctionExists.c
Linking C executable cmTC_90eeb
/usr/bin/cmake -E cmake_link_script CMakeFiles/cmTC_90eeb.dir/link.txt --verbose=1
/usr/bin/cc   -DCHECK_FUNCTION_EXISTS=pthread_create    CMakeFiles/cmTC_90eeb.dir/CheckFunctionExists.c.o  -o cmTC_90eeb -rdynamic -lpthreads 
/usr/bin/ld: cannot find -lpthreads
collect2: error: ld returned 1 exit status
CMakeFiles/cmTC_90eeb.dir/build.make:97: recipe for target 'cmTC_90eeb' failed
make[1]: *** [cmTC_90eeb] Error 1
make[1]: Leaving directory '/home/thomas/catkin_ws/build_isolated/turtlebot3_fake/CMakeFiles/CMakeTmp'
Makefile:126: recipe for target 'cmTC_90eeb/fast' failed
make: *** [cmTC_90eeb/fast] Error 2


